<?xml version="1.0" encoding="UTF-8"?>
<!-- Generated by org.testng.reporters.JUnitReportReporter -->
<testsuite skipped="0" hostname="dell-PC" name="Demo.testngDemo.qsp.Child" tests="2" failures="0" timestamp="2021-02-03T18:33:31 IST" time="62.768" errors="0">
  <testcase name="tc_2" time="35.270" classname="Demo.testngDemo.qsp.Child"/>
  <system-out/>
  <testcase name="tc_1" time="27.498" classname="Demo.testngDemo.qsp.Child"/>
  <system-out/>
</testsuite> <!-- Demo.testngDemo.qsp.Child -->
