<?xml version="1.0" encoding="UTF-8"?>
<!-- Generated by org.testng.reporters.JUnitReportReporter -->
<testsuite skipped="0" hostname="dell-PC" name="Demo.testngDemo.qsp.Demo3" tests="2" failures="0" timestamp="2021-02-04T14:27:13 IST" time="0.011" errors="0">
  <testcase name="tc3" time="0.009" classname="Demo.testngDemo.qsp.Demo3"/>
  <system-out>
3Hi..!!  </system-out>
  <testcase name="tc1" time="0.002" classname="Demo.testngDemo.qsp.Demo3"/>
  <system-out>
1Hi..!!  </system-out>
</testsuite> <!-- Demo.testngDemo.qsp.Demo3 -->
