<?xml version="1.0" encoding="UTF-8"?>
<!-- Generated by org.testng.reporters.JUnitReportReporter -->
<testsuite skipped="0" hostname="dell-PC" name="Demo.testngDemo.qsp.DemoDataProvider" tests="3" failures="0" timestamp="2021-02-04T18:16:05 IST" time="0.007" errors="0">
  <testcase name="tc" time="0.005" classname="Demo.testngDemo.qsp.DemoDataProvider"/>
  <system-out>
UserA  A  </system-out>
  <testcase name="tc" time="0.001" classname="Demo.testngDemo.qsp.DemoDataProvider"/>
  <system-out>
UserC  C  </system-out>
  <testcase name="tc" time="0.001" classname="Demo.testngDemo.qsp.DemoDataProvider"/>
  <system-out>
UserB  B  </system-out>
</testsuite> <!-- Demo.testngDemo.qsp.DemoDataProvider -->
