<?xml version="1.0" encoding="UTF-8"?>
<!-- Generated by org.testng.reporters.JUnitReportReporter -->
<testsuite skipped="0" hostname="dell-PC" name="Demo.testngDemo.qsp.DemoCross" tests="2" failures="0" timestamp="2021-02-07T14:10:01 IST" time="52.025" errors="0">
  <testcase name="TC_1" time="15.940" classname="Demo.testngDemo.qsp.DemoCross"/>
  <system-out/>
  <testcase name="TC_1" time="36.085" classname="Demo.testngDemo.qsp.DemoCross"/>
  <system-out/>
</testsuite> <!-- Demo.testngDemo.qsp.DemoCross -->
