<?xml version="1.0" encoding="UTF-8"?>
<!-- Generated by org.testng.reporters.JUnitReportReporter -->
<testsuite skipped="0" hostname="dell-PC" name="Demo.testngDemo.qsp.Parallel2" tests="1" failures="0" timestamp="2021-02-05T16:23:01 IST" time="19.426" errors="0">
  <testcase name="TC2" time="19.426" classname="Demo.testngDemo.qsp.Parallel2"/>
  <system-out/>
</testsuite> <!-- Demo.testngDemo.qsp.Parallel2 -->
