<?xml version="1.0" encoding="UTF-8"?>
<!-- Generated by org.testng.reporters.JUnitReportReporter -->
<testsuite skipped="0" hostname="dell-PC" name="Demo.testngDemo.qsp.Demo" tests="2" failures="0" timestamp="2021-02-02T19:04:18 IST" time="42.109" errors="0">
  <testcase name="tc_1" time="20.554" classname="Demo.testngDemo.qsp.Demo"/>
  <system-out/>
  <testcase name="tc_2" time="21.555" classname="Demo.testngDemo.qsp.Demo"/>
  <system-out/>
</testsuite> <!-- Demo.testngDemo.qsp.Demo -->
