<?xml version="1.0" encoding="UTF-8"?>
<!-- Generated by org.testng.reporters.JUnitReportReporter -->
<testsuite skipped="0" hostname="dell-PC" name="Demo.testngDemo.qsp.Demo5" tests="7" failures="0" timestamp="2021-02-04T14:59:16 IST" time="0.015" errors="0">
  <testcase name="tc5" time="0.001" classname="Demo.testngDemo.qsp.Demo5"/>
  <system-out>
5Hi..!!  </system-out>
  <testcase name="tc3" time="0.001" classname="Demo.testngDemo.qsp.Demo5"/>
  <system-out>
3Hi..!!  </system-out>
  <testcase name="tc7" time="0.001" classname="Demo.testngDemo.qsp.Demo5"/>
  <system-out>
7Hi..!!  </system-out>
  <testcase name="tc2" time="0.001" classname="Demo.testngDemo.qsp.Demo5"/>
  <system-out>
2Hi..!!  </system-out>
  <testcase name="tc6" time="0.009" classname="Demo.testngDemo.qsp.Demo5"/>
  <system-out>
6Hi..!!  </system-out>
  <testcase name="tc4" time="0.001" classname="Demo.testngDemo.qsp.Demo5"/>
  <system-out>
4Hi..!!  </system-out>
  <testcase name="tc1" time="0.001" classname="Demo.testngDemo.qsp.Demo5"/>
  <system-out>
1Hi..!!  </system-out>
</testsuite> <!-- Demo.testngDemo.qsp.Demo5 -->
