<?xml version="1.0" encoding="UTF-8"?>
<!-- Generated by org.testng.reporters.JUnitReportReporter -->
<testsuite skipped="0" hostname="dell-PC" name="Demo.testngDemo.qsp.Demo1" tests="2" failures="0" timestamp="2021-02-04T14:14:01 IST" time="0.007" errors="0">
  <testcase name="tc2" time="0.001" classname="Demo.testngDemo.qsp.Demo1"/>
  <system-out/>
  <testcase name="tc1" time="0.006" classname="Demo.testngDemo.qsp.Demo1"/>
  <system-out/>
</testsuite> <!-- Demo.testngDemo.qsp.Demo1 -->
