<?xml version="1.0" encoding="UTF-8"?>
<!-- Generated by org.testng.reporters.JUnitReportReporter -->
<testsuite skipped="0" hostname="dell-PC" name="Demo.testngDemo.qsp.DemoCross" tests="2" failures="0" timestamp="2021-02-05T16:51:14 IST" time="56.797" errors="0">
  <testcase name="TC_1" time="10.223" classname="Demo.testngDemo.qsp.DemoCross"/>
  <system-out/>
  <testcase name="TC_1" time="46.574" classname="Demo.testngDemo.qsp.DemoCross"/>
  <system-out/>
</testsuite> <!-- Demo.testngDemo.qsp.DemoCross -->
