<?xml version="1.0" encoding="UTF-8"?>
<!-- Generated by org.testng.reporters.JUnitReportReporter -->
<testsuite skipped="0" hostname="dell-PC" name="Demo.testngDemo.qsp.Demo4" tests="3" failures="0" timestamp="2021-02-04T14:33:32 IST" time="0.008" errors="0">
  <testcase name="tc3" time="0.006" classname="Demo.testngDemo.qsp.Demo4"/>
  <system-out>
3Hi..!!  </system-out>
  <testcase name="tc2" time="0.001" classname="Demo.testngDemo.qsp.Demo4"/>
  <system-out>
2Hi..!!  </system-out>
  <testcase name="tc1" time="0.001" classname="Demo.testngDemo.qsp.Demo4"/>
  <system-out>
1Hi..!!  </system-out>
</testsuite> <!-- Demo.testngDemo.qsp.Demo4 -->
