<?xml version="1.0" encoding="UTF-8"?>
<!-- Generated by org.testng.reporters.JUnitReportReporter -->
<testsuite skipped="0" hostname="dell-PC" name="Demo.testngDemo.qsp.DemoReadDataProvider" tests="14" failures="0" timestamp="2021-02-04T18:29:56 IST" time="0.022" errors="0">
  <testcase name="tc" time="0.002" classname="Demo.testngDemo.qsp.DemoReadDataProvider"/>
  <system-out>
sushant  sushant123  </system-out>
  <testcase name="tc" time="0.001" classname="Demo.testngDemo.qsp.DemoReadDataProvider"/>
  <system-out>
sushant  bablu  </system-out>
  <testcase name="tc" time="0.001" classname="Demo.testngDemo.qsp.DemoReadDataProvider"/>
  <system-out>
sushant  sus@123#456  </system-out>
  <testcase name="tc" time="0.001" classname="Demo.testngDemo.qsp.DemoReadDataProvider"/>
  <system-out>
sushant  #123sush  </system-out>
  <testcase name="tc" time="0.001" classname="Demo.testngDemo.qsp.DemoReadDataProvider"/>
  <system-out>
sushant  1.23456789E9  </system-out>
  <testcase name="tc" time="0.001" classname="Demo.testngDemo.qsp.DemoReadDataProvider"/>
  <system-out>
sushant  sushant@123  </system-out>
  <testcase name="tc" time="0.002" classname="Demo.testngDemo.qsp.DemoReadDataProvider"/>
  <system-out>
sushant  SUSHANT  </system-out>
  <testcase name="tc" time="0.005" classname="Demo.testngDemo.qsp.DemoReadDataProvider"/>
  <system-out>
sushant  sushant  </system-out>
  <testcase name="tc" time="0.001" classname="Demo.testngDemo.qsp.DemoReadDataProvider"/>
  <system-out>
#SUS@123  SUS@123  </system-out>
  <testcase name="tc" time="0.001" classname="Demo.testngDemo.qsp.DemoReadDataProvider"/>
  <system-out>
sushant  #123456  </system-out>
  <testcase name="tc" time="0.001" classname="Demo.testngDemo.qsp.DemoReadDataProvider"/>
  <system-out>
sushant  SUS@1234  </system-out>
  <testcase name="tc" time="0.001" classname="Demo.testngDemo.qsp.DemoReadDataProvider"/>
  <system-out>
1.23456789E9  1.23456789E9  </system-out>
  <testcase name="tc" time="0.003" classname="Demo.testngDemo.qsp.DemoReadDataProvider"/>
  <system-out>
sushant@1234  SUSHANT  </system-out>
  <testcase name="tc" time="0.001" classname="Demo.testngDemo.qsp.DemoReadDataProvider"/>
  <system-out>
sushant  sus@123  </system-out>
</testsuite> <!-- Demo.testngDemo.qsp.DemoReadDataProvider -->
