<?xml version="1.0" encoding="UTF-8"?>
<!-- Generated by org.testng.reporters.JUnitReportReporter -->
<testsuite skipped="0" hostname="dell-PC" name="Demo.testngDemo.qsp.Demo2" tests="1" failures="0" timestamp="2021-02-04T14:26:47 IST" time="0.007" errors="0">
  <testcase name="tc" time="0.007" classname="Demo.testngDemo.qsp.Demo2"/>
  <system-out>
Hi..!!  </system-out>
</testsuite> <!-- Demo.testngDemo.qsp.Demo2 -->
