<?xml version="1.0" encoding="UTF-8"?>
<!-- Generated by org.testng.reporters.JUnitReportReporter -->
<testsuite skipped="0" hostname="dell-PC" name="Demo.testngDemo.qsp.Parallel1" tests="2" failures="0" timestamp="2021-02-05T16:23:01 IST" time="40.309" errors="0">
  <testcase name="TC2" time="20.931" classname="Demo.testngDemo.qsp.Parallel1"/>
  <system-out/>
  <testcase name="TC1" time="19.378" classname="Demo.testngDemo.qsp.Parallel1"/>
  <system-out/>
</testsuite> <!-- Demo.testngDemo.qsp.Parallel1 -->
